2023-04-15 17:39:17.978465
hello_world
(), {}
Hello World2023-04-15 17:39:17.979464
summator
(2, 2), {}
42023-04-15 17:39:17.979464
div
(6, 2), {}
3.02023-04-15 17:39:17.979464
summator
(4.3,), {'b': 2.2}
6.52023-04-15 17:39:17.979464
summator
(), {'a': 0, 'b': 0}
02023-04-15 18:06:40.389711
shelf_search
({'1': ['2207 876234', '11-2'], '2': ['10006'], '3': []},), {}
Документ с номером 1111 не найден2023-04-15 18:06:55.464582
shelf_search
({'1': ['2207 876234', '11-2'], '2': ['10006'], '3': []},), {}
1